<?xml version="1.0" encoding="UTF-8"?>
<testng-results skipped="0" failed="0" total="1" passed="1">
  <reporter-output>
  </reporter-output>
  <suite name="Default suite" duration-ms="129514" started-at="2021-08-12T04:46:51Z" finished-at="2021-08-12T04:49:01Z">
    <groups>
    </groups>
    <test name="Default test" duration-ms="129514" started-at="2021-08-12T04:46:51Z" finished-at="2021-08-12T04:49:01Z">
      <class name="demos.Demoshybrid">
        <test-method status="PASS" signature="setup()[pri:0, instance:demos.Demoshybrid@3a8624]" name="setup" is-config="true" duration-ms="22246" started-at="2021-08-12T10:16:51Z" finished-at="2021-08-12T10:17:14Z">
          <reporter-output>
          </reporter-output>
        </test-method> <!-- setup -->
        <test-method status="PASS" signature="testcase4()[pri:0, instance:demos.Demoshybrid@3a8624]" name="testcase4" duration-ms="107242" started-at="2021-08-12T10:17:14Z" finished-at="2021-08-12T10:19:01Z">
          <reporter-output>
          </reporter-output>
        </test-method> <!-- testcase4 -->
      </class> <!-- demos.Demoshybrid -->
    </test> <!-- Default test -->
  </suite> <!-- Default suite -->
</testng-results>
